<?xml version="1.0" encoding="UTF-8"?>
<testng-results ignored="0" total="2" passed="2" failed="0" skipped="0">
  <reporter-output>
  </reporter-output>
  <suite started-at="2024-03-23T09:13:05 IST" name="Default suite" finished-at="2024-03-23T09:13:05 IST" duration-ms="58">
    <groups>
    </groups>
    <test started-at="2024-03-23T09:13:05 IST" name="Default test" finished-at="2024-03-23T09:13:05 IST" duration-ms="58">
      <class name="test.Day1">
        <test-method signature="Demo()[pri:0, instance:test.Day1@22e357dc]" started-at="2024-03-23T09:13:05 IST" name="Demo" finished-at="2024-03-23T09:13:05 IST" duration-ms="8" status="PASS">
          <reporter-output>
          </reporter-output>
        </test-method> <!-- Demo -->
        <test-method signature="Demo1()[pri:0, instance:test.Day1@22e357dc]" started-at="2024-03-23T09:13:05 IST" name="Demo1" finished-at="2024-03-23T09:13:05 IST" duration-ms="2" status="PASS">
          <reporter-output>
          </reporter-output>
        </test-method> <!-- Demo1 -->
      </class> <!-- test.Day1 -->
    </test> <!-- Default test -->
  </suite> <!-- Default suite -->
</testng-results>
